C:\USERS\DENNIS\DESKTOP\C++_SDK\MODBUS_WIN_CPP\DEBUG\COM.OBJ
C:\USERS\DENNIS\DESKTOP\C++_SDK\MODBUS_WIN_CPP\DEBUG\VC110.PDB
C:\USERS\DENNIS\DESKTOP\C++_SDK\NORMAL_WIN_CPP\DEBUG\COM.OBJ
C:\USERS\DENNIS\DESKTOP\C++_SDK\NORMAL_WIN_CPP\DEBUG\MAIN.OBJ
C:\USERS\DENNIS\DESKTOP\C++_SDK\NORMAL_WIN_CPP\DEBUG\VC110.PDB
C:\USERS\DENNIS\DESKTOP\C++_SDK\NORMAL_WIN_CPP\DEBUG\WIT_C_SDK.OBJ
C:\USERS\DENNIS\DESKTOP\C++_SDK\NORMAL_WIN_CPP\DEBUG\WITSIMULATE.ILK
C:\USERS\DENNIS\DESKTOP\C++_SDK\NORMAL_WIN_CPP\DEBUG\WITSIMULATE.EXE
C:\USERS\DENNIS\DESKTOP\C++_SDK\NORMAL_WIN_CPP\DEBUG\WITSIMULATE.PDB
C:\Users\dennis\Desktop\C++_SDK\NORMAL_WIN_CPP\Debug\Com.obj
C:\Users\dennis\Desktop\C++_SDK\NORMAL_WIN_CPP\Debug\Main.obj
C:\Users\dennis\Desktop\C++_SDK\NORMAL_WIN_CPP\Debug\wit_c_sdk.obj
C:\Users\dennis\Desktop\C++_SDK\NORMAL_WIN_CPP\Debug\wit_mcu_sdk.obj
C:\Users\dennis\Desktop\C++_SDK\NORMAL_WIN_CPP\Debug\WitSimulate.ilk
C:\Users\dennis\Desktop\C++_SDK\NORMAL_WIN_CPP\Debug\cl.command.1.tlog
C:\Users\dennis\Desktop\C++_SDK\NORMAL_WIN_CPP\Debug\CL.read.1.tlog
C:\Users\dennis\Desktop\C++_SDK\NORMAL_WIN_CPP\Debug\CL.write.1.tlog
C:\Users\dennis\Desktop\C++_SDK\NORMAL_WIN_CPP\Debug\link-cvtres.read.1.tlog
C:\Users\dennis\Desktop\C++_SDK\NORMAL_WIN_CPP\Debug\link-cvtres.write.1.tlog
C:\Users\dennis\Desktop\C++_SDK\NORMAL_WIN_CPP\Debug\link-rc.read.1.tlog
C:\Users\dennis\Desktop\C++_SDK\NORMAL_WIN_CPP\Debug\link-rc.write.1.tlog
C:\Users\dennis\Desktop\C++_SDK\NORMAL_WIN_CPP\Debug\link.2112-cvtres.read.1.tlog
C:\Users\dennis\Desktop\C++_SDK\NORMAL_WIN_CPP\Debug\link.2112-cvtres.write.1.tlog
C:\Users\dennis\Desktop\C++_SDK\NORMAL_WIN_CPP\Debug\link.2112-rc.read.1.tlog
C:\Users\dennis\Desktop\C++_SDK\NORMAL_WIN_CPP\Debug\link.2112-rc.write.1.tlog
C:\Users\dennis\Desktop\C++_SDK\NORMAL_WIN_CPP\Debug\link.2112.read.1.tlog
C:\Users\dennis\Desktop\C++_SDK\NORMAL_WIN_CPP\Debug\link.2112.write.1.tlog
C:\Users\dennis\Desktop\C++_SDK\NORMAL_WIN_CPP\Debug\link.command.1.tlog
C:\Users\dennis\Desktop\C++_SDK\NORMAL_WIN_CPP\Debug\link.read.1.tlog
C:\Users\dennis\Desktop\C++_SDK\NORMAL_WIN_CPP\Debug\link.write.1.tlog
C:\Users\dennis\Desktop\C++_SDK\NORMAL_WIN_CPP\Debug\vc110.idb
C:\Users\dennis\Desktop\C++_SDK\NORMAL_WIN_CPP\Debug\vc110.pdb
C:\Users\dennis\Desktop\C++_SDK\NORMAL_WIN_CPP\Debug\WitSimulate.pdb
C:\Users\dennis\Desktop\C++_SDK\NORMAL_WIN_CPP\Debug\WitSimulate.exe
